<?xml version="1.0" encoding="UTF-8"?>
<!-- Generated by org.testng.reporters.JUnitXMLReporter -->
<testsuite ignored="0" hostname="DESKTOP-110TD7Q" failures="1" tests="9" name="Test_A1" time="60.151" errors="0" timestamp="2022-08-13T19:27:56 IST">
  <testcase classname="TestNG_Package.Child_Class_B1" name="Test1" time="3.189"/>
  <testcase classname="TestNG_Package.Child_Class_B1" name="Test2" time="3.166"/>
  <testcase classname="TestNG_Package.Child_Class_B2" name="Test3" time="3.109"/>
  <testcase classname="TestNG_Package.Child_Class_B1" name="Test1" time="3.112"/>
  <testcase classname="TestNG_Package.Child_Class_B1" name="Test2" time="3.184"/>
  <testcase classname="TestNG_Package.Test_1" name="test_tc_001_a" time="0.008"/>
  <testcase classname="TestNG_Package.Test_1" name="test_tc_002_b" time="0.004"/>
  <testcase classname="TestNG_Package.Keywords_A2" name="Test1" time="0.016">
    <failure type="java.lang.AssertionError" message="expected [true] but found [false]">
      <![CDATA[java.lang.AssertionError: expected [true] but found [false]
at TestNG_Package.Keywords_A2.Test1(Keywords_A2.java:12)
at java.base/java.util.ArrayList.forEach(ArrayList.java:1511)
... Removed 29 stack frames]]>
    </failure>
  </testcase> <!-- Test1 -->
  <testcase classname="TestNG_Package.Keywords_A2" name="Test2" time="0.0">
    <skipped/>
  </testcase> <!-- Test2 -->
</testsuite> <!-- Test_A1 -->
